TN:
SF:src\app.ts
FN:10,App
FN:18,initializeRoutes
FN:22,interceptionError
FN:26,middlewaresInitialize
FN:31,listen
FNF:5
FNH:4
FNDA:1,App
FNDA:1,initializeRoutes
FNDA:1,interceptionError
FNDA:1,middlewaresInitialize
FNDA:0,listen
DA:1,1
DA:2,1
DA:3,1
DA:4,1
DA:5,1
DA:6,1
DA:7,1
DA:8,1
DA:9,1
DA:10,1
DA:11,1
DA:12,1
DA:13,1
DA:14,1
DA:15,1
DA:16,1
DA:17,1
DA:18,1
DA:19,1
DA:20,1
DA:21,1
DA:22,1
DA:23,1
DA:24,1
DA:25,1
DA:26,1
DA:27,1
DA:28,1
DA:29,1
DA:30,1
DA:31,1
DA:32,0
DA:33,0
DA:34,1
DA:35,1
DA:36,1
LF:36
LH:34
BRDA:10,0,0,1
BRDA:18,1,0,1
BRDA:22,2,0,1
BRDA:26,3,0,1
BRF:4
BRH:4
end_of_record
TN:
SF:src\controllers\EventController.ts
FN:6,EventController
FN:8,create
FNF:2
FNH:2
FNDA:1,EventController
FNDA:1,create
DA:1,1
DA:2,1
DA:3,1
DA:4,1
DA:5,1
DA:6,1
DA:7,1
DA:8,1
DA:9,1
DA:10,1
DA:11,1
DA:12,0
DA:13,0
DA:14,0
DA:15,0
DA:16,1
DA:17,1
DA:18,1
DA:19,1
LF:19
LH:15
BRDA:6,0,0,1
BRDA:8,1,0,1
BRDA:12,2,0,0
BRF:3
BRH:2
end_of_record
TN:
SF:src\infra\database.ts
FN:3,connect
FNF:1
FNH:1
FNDA:1,connect
DA:1,1
DA:2,1
DA:3,1
DA:4,1
DA:5,1
DA:6,1
DA:7,1
DA:8,0
DA:9,0
DA:10,0
DA:11,0
DA:12,1
LF:12
LH:8
BRDA:3,0,0,1
BRDA:8,1,0,0
BRF:2
BRH:1
end_of_record
TN:
SF:src\middleware\error.middleware.ts
FN:6,errorMiddleware
FNF:1
FNH:0
FNDA:0,errorMiddleware
DA:1,1
DA:2,1
DA:3,1
DA:4,1
DA:5,1
DA:6,0
DA:7,0
DA:8,0
DA:9,0
DA:10,0
DA:11,0
DA:12,0
DA:13,0
DA:14,0
DA:15,0
DA:16,0
LF:16
LH:5
BRF:0
BRH:0
end_of_record
TN:
SF:src\repositories\EventRepositoryMongoose.ts
FN:34,add
FNF:1
FNH:1
FNDA:1,add
DA:1,1
DA:2,1
DA:3,1
DA:4,1
DA:5,1
DA:6,1
DA:7,1
DA:8,1
DA:9,1
DA:10,1
DA:11,1
DA:12,1
DA:13,1
DA:14,1
DA:15,1
DA:16,1
DA:17,1
DA:18,1
DA:19,1
DA:20,1
DA:21,1
DA:22,1
DA:23,1
DA:24,1
DA:25,1
DA:26,1
DA:27,1
DA:28,1
DA:29,1
DA:30,1
DA:31,1
DA:32,1
DA:33,1
DA:34,1
DA:35,1
DA:36,1
DA:37,0
DA:38,0
DA:39,1
DA:40,1
DA:41,1
LF:41
LH:39
BRDA:34,0,0,1
BRDA:37,1,0,0
BRF:2
BRH:1
end_of_record
TN:
SF:src\routes\event.routes.ts
FN:11,EventRoutes
FN:19,initRoutes
FNF:2
FNH:2
FNDA:1,EventRoutes
FNDA:1,initRoutes
DA:1,1
DA:2,1
DA:3,1
DA:4,1
DA:5,1
DA:6,1
DA:7,1
DA:8,1
DA:9,1
DA:10,1
DA:11,1
DA:12,1
DA:13,1
DA:14,1
DA:15,1
DA:16,1
DA:17,1
DA:18,1
DA:19,1
DA:20,1
DA:21,1
DA:22,1
DA:23,1
DA:24,1
LF:24
LH:24
BRDA:11,0,0,1
BRDA:19,1,0,1
BRF:2
BRH:2
end_of_record
TN:
SF:src\useCases\EventUseCase.ts
FN:5,EventUseCase
FN:7,create
FNF:2
FNH:2
FNDA:1,EventUseCase
FNDA:1,create
DA:1,1
DA:2,1
DA:3,1
DA:4,1
DA:5,1
DA:6,1
DA:7,1
DA:8,1
DA:9,0
DA:10,0
DA:11,1
DA:12,1
DA:13,1
LF:13
LH:11
BRDA:5,0,0,1
BRDA:7,1,0,1
BRDA:9,2,0,0
BRF:3
BRH:2
end_of_record
